2019-01-24 16:41:28,471 [Worker-7: Loading available Gradle versions] INFO  c.g.t.t.d.PublishedGradleVersions - Gradle version information cache is up-to-date. Trying to read.
2019-01-24 17:25:21,949 [Worker-0: Loading available Gradle versions] INFO  c.g.t.t.d.PublishedGradleVersions - Gradle version information cache is up-to-date. Trying to read.
2019-01-29 10:33:40,872 [Worker-4] INFO  c.g.t.t.d.PublishedGradleVersions - Gradle version information cache is out-of-date. Trying to update.
2019-01-29 13:29:42,922 [Worker-5: Loading available Gradle versions] INFO  c.g.t.t.d.PublishedGradleVersions - Gradle version information cache is up-to-date. Trying to read.
2019-02-11 10:31:20,858 [Worker-9: Loading available Gradle versions] INFO  c.g.t.t.d.PublishedGradleVersions - Gradle version information cache is out-of-date. Trying to update.
2019-02-12 06:48:50,631 [Worker-72: Decoration Calculation] ERROR o.e.j.i.s.file.ObjectDirectory - ERROR: Exception caught while accessing pack file E:\Java Web\JavaWeb\.git\objects\pack\pack-22e292e6206fe96d46fde38fcce1cf6afd449490.pack, the pack file might be corrupt, {1}. Caught {2} consecutive errors while trying to read this pack.
java.io.IOException: Das Gerät ist nicht bereit
	at sun.nio.ch.FileDispatcherImpl.size0(Native Method) ~[na:1.8.0_201]
	at sun.nio.ch.FileDispatcherImpl.size(Unknown Source) ~[na:1.8.0_201]
	at sun.nio.ch.FileChannelImpl.map(Unknown Source) ~[na:1.8.0_201]
	at org.eclipse.jgit.internal.storage.file.PackFile.mmap(PackFile.java:721) ~[org.eclipse.jgit_5.0.0.201806131550-r.jar:5.0.0.201806131550-r]
	at org.eclipse.jgit.internal.storage.file.WindowCache.load(WindowCache.java:299) ~[org.eclipse.jgit_5.0.0.201806131550-r.jar:5.0.0.201806131550-r]
	at org.eclipse.jgit.internal.storage.file.WindowCache.getOrLoad(WindowCache.java:379) ~[org.eclipse.jgit_5.0.0.201806131550-r.jar:5.0.0.201806131550-r]
	at org.eclipse.jgit.internal.storage.file.WindowCache.get(WindowCache.java:184) ~[org.eclipse.jgit_5.0.0.201806131550-r.jar:5.0.0.201806131550-r]
	at org.eclipse.jgit.internal.storage.file.WindowCursor.pin(WindowCursor.java:360) [org.eclipse.jgit_5.0.0.201806131550-r.jar:5.0.0.201806131550-r]
	at org.eclipse.jgit.internal.storage.file.WindowCursor.copy(WindowCursor.java:259) [org.eclipse.jgit_5.0.0.201806131550-r.jar:5.0.0.201806131550-r]
	at org.eclipse.jgit.internal.storage.file.PackFile.readFully(PackFile.java:601) ~[org.eclipse.jgit_5.0.0.201806131550-r.jar:5.0.0.201806131550-r]
	at org.eclipse.jgit.internal.storage.file.PackFile.load(PackFile.java:773) ~[org.eclipse.jgit_5.0.0.201806131550-r.jar:5.0.0.201806131550-r]
	at org.eclipse.jgit.internal.storage.file.PackFile.get(PackFile.java:285) ~[org.eclipse.jgit_5.0.0.201806131550-r.jar:5.0.0.201806131550-r]
	at org.eclipse.jgit.internal.storage.file.ObjectDirectory.openPackedObject(ObjectDirectory.java:486) [org.eclipse.jgit_5.0.0.201806131550-r.jar:5.0.0.201806131550-r]
	at org.eclipse.jgit.internal.storage.file.ObjectDirectory.openPackedFromSelfOrAlternate(ObjectDirectory.java:444) [org.eclipse.jgit_5.0.0.201806131550-r.jar:5.0.0.201806131550-r]
	at org.eclipse.jgit.internal.storage.file.ObjectDirectory.openObject(ObjectDirectory.java:435) [org.eclipse.jgit_5.0.0.201806131550-r.jar:5.0.0.201806131550-r]
	at org.eclipse.jgit.internal.storage.file.WindowCursor.open(WindowCursor.java:165) [org.eclipse.jgit_5.0.0.201806131550-r.jar:5.0.0.201806131550-r]
	at org.eclipse.jgit.revwalk.RevWalk.getCachedBytes(RevWalk.java:933) [org.eclipse.jgit_5.0.0.201806131550-r.jar:5.0.0.201806131550-r]
	at org.eclipse.jgit.revwalk.RevCommit.parseHeaders(RevCommit.java:158) [org.eclipse.jgit_5.0.0.201806131550-r.jar:5.0.0.201806131550-r]
	at org.eclipse.jgit.revwalk.MergeBaseGenerator._next(MergeBaseGenerator.java:153) [org.eclipse.jgit_5.0.0.201806131550-r.jar:5.0.0.201806131550-r]
	at org.eclipse.jgit.revwalk.MergeBaseGenerator.init(MergeBaseGenerator.java:108) [org.eclipse.jgit_5.0.0.201806131550-r.jar:5.0.0.201806131550-r]
	at org.eclipse.jgit.revwalk.StartGenerator.next(StartGenerator.java:99) [org.eclipse.jgit_5.0.0.201806131550-r.jar:5.0.0.201806131550-r]
	at org.eclipse.jgit.revwalk.RevWalk.next(RevWalk.java:444) [org.eclipse.jgit_5.0.0.201806131550-r.jar:5.0.0.201806131550-r]
	at org.eclipse.jgit.lib.BranchTrackingStatus.of(BranchTrackingStatus.java:98) [org.eclipse.jgit_5.0.0.201806131550-r.jar:5.0.0.201806131550-r]
	at org.eclipse.egit.ui.internal.decorators.DecoratableResourceHelper.getBranchStatus(DecoratableResourceHelper.java:74) [org.eclipse.egit.ui_5.0.0.201806131550-r.jar:na]
	at org.eclipse.egit.ui.internal.decorators.DecoratableResourceAdapter.<init>(DecoratableResourceAdapter.java:77) [org.eclipse.egit.ui_5.0.0.201806131550-r.jar:na]
	at org.eclipse.egit.ui.internal.decorators.GitLightweightDecorator.decorateResource(GitLightweightDecorator.java:241) [org.eclipse.egit.ui_5.0.0.201806131550-r.jar:na]
	at org.eclipse.egit.ui.internal.decorators.GitLightweightDecorator.decorate(GitLightweightDecorator.java:211) [org.eclipse.egit.ui_5.0.0.201806131550-r.jar:na]
	at org.eclipse.ui.internal.decorators.LightweightDecoratorDefinition.decorate(LightweightDecoratorDefinition.java:253) [org.eclipse.ui.workbench_3.111.0.v20180524-1156.jar:na]
	at org.eclipse.ui.internal.decorators.LightweightDecoratorManager$LightweightRunnable.run(LightweightDecoratorManager.java:104) [org.eclipse.ui.workbench_3.111.0.v20180524-1156.jar:na]
	at org.eclipse.core.runtime.SafeRunner.run(SafeRunner.java:42) [org.eclipse.equinox.common_3.10.0.v20180412-1130.jar:na]
	at org.eclipse.ui.internal.decorators.LightweightDecoratorManager.decorate(LightweightDecoratorManager.java:377) [org.eclipse.ui.workbench_3.111.0.v20180524-1156.jar:na]
	at org.eclipse.ui.internal.decorators.LightweightDecoratorManager.getDecorations(LightweightDecoratorManager.java:359) [org.eclipse.ui.workbench_3.111.0.v20180524-1156.jar:na]
	at org.eclipse.ui.internal.decorators.DecorationScheduler$1.ensureResultCached(DecorationScheduler.java:347) [org.eclipse.ui.workbench_3.111.0.v20180524-1156.jar:na]
	at org.eclipse.ui.internal.decorators.DecorationScheduler$1.run(DecorationScheduler.java:310) [org.eclipse.ui.workbench_3.111.0.v20180524-1156.jar:na]
	at org.eclipse.core.internal.jobs.Worker.run(Worker.java:60) [org.eclipse.core.jobs_3.10.0.v20180427-1454.jar:na]
2019-02-12 06:52:29,114 [Worker-71: Decoration Calculation] ERROR o.e.j.i.s.file.ObjectDirectory - ERROR: Exception caught while accessing pack file E:\Java Web\JavaWeb\.git\objects\pack\pack-22e292e6206fe96d46fde38fcce1cf6afd449490.pack, the pack file might be corrupt, {1}. Caught {2} consecutive errors while trying to read this pack.
java.io.IOException: Das Gerät ist nicht bereit
	at sun.nio.ch.FileDispatcherImpl.size0(Native Method) ~[na:1.8.0_201]
	at sun.nio.ch.FileDispatcherImpl.size(Unknown Source) ~[na:1.8.0_201]
	at sun.nio.ch.FileChannelImpl.map(Unknown Source) ~[na:1.8.0_201]
	at org.eclipse.jgit.internal.storage.file.PackFile.mmap(PackFile.java:721) ~[org.eclipse.jgit_5.0.0.201806131550-r.jar:5.0.0.201806131550-r]
	at org.eclipse.jgit.internal.storage.file.WindowCache.load(WindowCache.java:299) ~[org.eclipse.jgit_5.0.0.201806131550-r.jar:5.0.0.201806131550-r]
	at org.eclipse.jgit.internal.storage.file.WindowCache.getOrLoad(WindowCache.java:379) ~[org.eclipse.jgit_5.0.0.201806131550-r.jar:5.0.0.201806131550-r]
	at org.eclipse.jgit.internal.storage.file.WindowCache.get(WindowCache.java:184) ~[org.eclipse.jgit_5.0.0.201806131550-r.jar:5.0.0.201806131550-r]
	at org.eclipse.jgit.internal.storage.file.WindowCursor.pin(WindowCursor.java:360) [org.eclipse.jgit_5.0.0.201806131550-r.jar:5.0.0.201806131550-r]
	at org.eclipse.jgit.internal.storage.file.WindowCursor.copy(WindowCursor.java:259) [org.eclipse.jgit_5.0.0.201806131550-r.jar:5.0.0.201806131550-r]
	at org.eclipse.jgit.internal.storage.file.PackFile.readFully(PackFile.java:601) ~[org.eclipse.jgit_5.0.0.201806131550-r.jar:5.0.0.201806131550-r]
	at org.eclipse.jgit.internal.storage.file.PackFile.load(PackFile.java:773) ~[org.eclipse.jgit_5.0.0.201806131550-r.jar:5.0.0.201806131550-r]
	at org.eclipse.jgit.internal.storage.file.PackFile.get(PackFile.java:285) ~[org.eclipse.jgit_5.0.0.201806131550-r.jar:5.0.0.201806131550-r]
	at org.eclipse.jgit.internal.storage.file.ObjectDirectory.openPackedObject(ObjectDirectory.java:486) [org.eclipse.jgit_5.0.0.201806131550-r.jar:5.0.0.201806131550-r]
	at org.eclipse.jgit.internal.storage.file.ObjectDirectory.openPackedFromSelfOrAlternate(ObjectDirectory.java:444) [org.eclipse.jgit_5.0.0.201806131550-r.jar:5.0.0.201806131550-r]
	at org.eclipse.jgit.internal.storage.file.ObjectDirectory.openObject(ObjectDirectory.java:435) [org.eclipse.jgit_5.0.0.201806131550-r.jar:5.0.0.201806131550-r]
	at org.eclipse.jgit.internal.storage.file.WindowCursor.open(WindowCursor.java:165) [org.eclipse.jgit_5.0.0.201806131550-r.jar:5.0.0.201806131550-r]
	at org.eclipse.jgit.revwalk.RevWalk.getCachedBytes(RevWalk.java:933) [org.eclipse.jgit_5.0.0.201806131550-r.jar:5.0.0.201806131550-r]
	at org.eclipse.jgit.revwalk.RevCommit.parseHeaders(RevCommit.java:158) [org.eclipse.jgit_5.0.0.201806131550-r.jar:5.0.0.201806131550-r]
	at org.eclipse.jgit.revwalk.MergeBaseGenerator._next(MergeBaseGenerator.java:153) [org.eclipse.jgit_5.0.0.201806131550-r.jar:5.0.0.201806131550-r]
	at org.eclipse.jgit.revwalk.MergeBaseGenerator.init(MergeBaseGenerator.java:108) [org.eclipse.jgit_5.0.0.201806131550-r.jar:5.0.0.201806131550-r]
	at org.eclipse.jgit.revwalk.StartGenerator.next(StartGenerator.java:99) [org.eclipse.jgit_5.0.0.201806131550-r.jar:5.0.0.201806131550-r]
	at org.eclipse.jgit.revwalk.RevWalk.next(RevWalk.java:444) [org.eclipse.jgit_5.0.0.201806131550-r.jar:5.0.0.201806131550-r]
	at org.eclipse.jgit.lib.BranchTrackingStatus.of(BranchTrackingStatus.java:98) [org.eclipse.jgit_5.0.0.201806131550-r.jar:5.0.0.201806131550-r]
	at org.eclipse.egit.ui.internal.decorators.DecoratableResourceHelper.getBranchStatus(DecoratableResourceHelper.java:74) [org.eclipse.egit.ui_5.0.0.201806131550-r.jar:na]
	at org.eclipse.egit.ui.internal.decorators.DecoratableResourceAdapter.<init>(DecoratableResourceAdapter.java:77) [org.eclipse.egit.ui_5.0.0.201806131550-r.jar:na]
	at org.eclipse.egit.ui.internal.decorators.GitLightweightDecorator.decorateResource(GitLightweightDecorator.java:241) [org.eclipse.egit.ui_5.0.0.201806131550-r.jar:na]
	at org.eclipse.egit.ui.internal.decorators.GitLightweightDecorator.decorate(GitLightweightDecorator.java:211) [org.eclipse.egit.ui_5.0.0.201806131550-r.jar:na]
	at org.eclipse.ui.internal.decorators.LightweightDecoratorDefinition.decorate(LightweightDecoratorDefinition.java:253) [org.eclipse.ui.workbench_3.111.0.v20180524-1156.jar:na]
	at org.eclipse.ui.internal.decorators.LightweightDecoratorManager$LightweightRunnable.run(LightweightDecoratorManager.java:104) [org.eclipse.ui.workbench_3.111.0.v20180524-1156.jar:na]
	at org.eclipse.core.runtime.SafeRunner.run(SafeRunner.java:42) [org.eclipse.equinox.common_3.10.0.v20180412-1130.jar:na]
	at org.eclipse.ui.internal.decorators.LightweightDecoratorManager.decorate(LightweightDecoratorManager.java:377) [org.eclipse.ui.workbench_3.111.0.v20180524-1156.jar:na]
	at org.eclipse.ui.internal.decorators.LightweightDecoratorManager.getDecorations(LightweightDecoratorManager.java:359) [org.eclipse.ui.workbench_3.111.0.v20180524-1156.jar:na]
	at org.eclipse.ui.internal.decorators.DecorationScheduler$1.ensureResultCached(DecorationScheduler.java:347) [org.eclipse.ui.workbench_3.111.0.v20180524-1156.jar:na]
	at org.eclipse.ui.internal.decorators.DecorationScheduler$1.run(DecorationScheduler.java:310) [org.eclipse.ui.workbench_3.111.0.v20180524-1156.jar:na]
	at org.eclipse.core.internal.jobs.Worker.run(Worker.java:60) [org.eclipse.core.jobs_3.10.0.v20180427-1454.jar:na]
2019-02-12 07:10:11,956 [Worker-76: Decoration Calculation] ERROR o.e.j.i.s.file.ObjectDirectory - ERROR: Exception caught while accessing pack file E:\Java Web\JavaWeb\.git\objects\pack\pack-22e292e6206fe96d46fde38fcce1cf6afd449490.pack, the pack file might be corrupt, {1}. Caught {2} consecutive errors while trying to read this pack.
java.io.IOException: Das Gerät ist nicht bereit
	at sun.nio.ch.FileDispatcherImpl.size0(Native Method) ~[na:1.8.0_201]
	at sun.nio.ch.FileDispatcherImpl.size(Unknown Source) ~[na:1.8.0_201]
	at sun.nio.ch.FileChannelImpl.map(Unknown Source) ~[na:1.8.0_201]
	at org.eclipse.jgit.internal.storage.file.PackFile.mmap(PackFile.java:721) ~[org.eclipse.jgit_5.0.0.201806131550-r.jar:5.0.0.201806131550-r]
	at org.eclipse.jgit.internal.storage.file.WindowCache.load(WindowCache.java:299) ~[org.eclipse.jgit_5.0.0.201806131550-r.jar:5.0.0.201806131550-r]
	at org.eclipse.jgit.internal.storage.file.WindowCache.getOrLoad(WindowCache.java:379) ~[org.eclipse.jgit_5.0.0.201806131550-r.jar:5.0.0.201806131550-r]
	at org.eclipse.jgit.internal.storage.file.WindowCache.get(WindowCache.java:184) ~[org.eclipse.jgit_5.0.0.201806131550-r.jar:5.0.0.201806131550-r]
	at org.eclipse.jgit.internal.storage.file.WindowCursor.pin(WindowCursor.java:360) [org.eclipse.jgit_5.0.0.201806131550-r.jar:5.0.0.201806131550-r]
	at org.eclipse.jgit.internal.storage.file.WindowCursor.copy(WindowCursor.java:259) [org.eclipse.jgit_5.0.0.201806131550-r.jar:5.0.0.201806131550-r]
	at org.eclipse.jgit.internal.storage.file.PackFile.readFully(PackFile.java:601) ~[org.eclipse.jgit_5.0.0.201806131550-r.jar:5.0.0.201806131550-r]
	at org.eclipse.jgit.internal.storage.file.PackFile.load(PackFile.java:773) ~[org.eclipse.jgit_5.0.0.201806131550-r.jar:5.0.0.201806131550-r]
	at org.eclipse.jgit.internal.storage.file.PackFile.get(PackFile.java:285) ~[org.eclipse.jgit_5.0.0.201806131550-r.jar:5.0.0.201806131550-r]
	at org.eclipse.jgit.internal.storage.file.ObjectDirectory.openPackedObject(ObjectDirectory.java:486) [org.eclipse.jgit_5.0.0.201806131550-r.jar:5.0.0.201806131550-r]
	at org.eclipse.jgit.internal.storage.file.ObjectDirectory.openPackedFromSelfOrAlternate(ObjectDirectory.java:444) [org.eclipse.jgit_5.0.0.201806131550-r.jar:5.0.0.201806131550-r]
	at org.eclipse.jgit.internal.storage.file.ObjectDirectory.openObject(ObjectDirectory.java:435) [org.eclipse.jgit_5.0.0.201806131550-r.jar:5.0.0.201806131550-r]
	at org.eclipse.jgit.internal.storage.file.WindowCursor.open(WindowCursor.java:165) [org.eclipse.jgit_5.0.0.201806131550-r.jar:5.0.0.201806131550-r]
	at org.eclipse.jgit.revwalk.RevWalk.getCachedBytes(RevWalk.java:933) [org.eclipse.jgit_5.0.0.201806131550-r.jar:5.0.0.201806131550-r]
	at org.eclipse.jgit.revwalk.RevCommit.parseHeaders(RevCommit.java:158) [org.eclipse.jgit_5.0.0.201806131550-r.jar:5.0.0.201806131550-r]
	at org.eclipse.jgit.revwalk.MergeBaseGenerator._next(MergeBaseGenerator.java:153) [org.eclipse.jgit_5.0.0.201806131550-r.jar:5.0.0.201806131550-r]
	at org.eclipse.jgit.revwalk.MergeBaseGenerator.init(MergeBaseGenerator.java:108) [org.eclipse.jgit_5.0.0.201806131550-r.jar:5.0.0.201806131550-r]
	at org.eclipse.jgit.revwalk.StartGenerator.next(StartGenerator.java:99) [org.eclipse.jgit_5.0.0.201806131550-r.jar:5.0.0.201806131550-r]
	at org.eclipse.jgit.revwalk.RevWalk.next(RevWalk.java:444) [org.eclipse.jgit_5.0.0.201806131550-r.jar:5.0.0.201806131550-r]
	at org.eclipse.jgit.lib.BranchTrackingStatus.of(BranchTrackingStatus.java:98) [org.eclipse.jgit_5.0.0.201806131550-r.jar:5.0.0.201806131550-r]
	at org.eclipse.egit.ui.internal.decorators.DecoratableResourceHelper.getBranchStatus(DecoratableResourceHelper.java:74) [org.eclipse.egit.ui_5.0.0.201806131550-r.jar:na]
	at org.eclipse.egit.ui.internal.decorators.DecoratableResourceAdapter.<init>(DecoratableResourceAdapter.java:77) [org.eclipse.egit.ui_5.0.0.201806131550-r.jar:na]
	at org.eclipse.egit.ui.internal.decorators.GitLightweightDecorator.decorateResource(GitLightweightDecorator.java:241) [org.eclipse.egit.ui_5.0.0.201806131550-r.jar:na]
	at org.eclipse.egit.ui.internal.decorators.GitLightweightDecorator.decorate(GitLightweightDecorator.java:211) [org.eclipse.egit.ui_5.0.0.201806131550-r.jar:na]
	at org.eclipse.ui.internal.decorators.LightweightDecoratorDefinition.decorate(LightweightDecoratorDefinition.java:253) [org.eclipse.ui.workbench_3.111.0.v20180524-1156.jar:na]
	at org.eclipse.ui.internal.decorators.LightweightDecoratorManager$LightweightRunnable.run(LightweightDecoratorManager.java:104) [org.eclipse.ui.workbench_3.111.0.v20180524-1156.jar:na]
	at org.eclipse.core.runtime.SafeRunner.run(SafeRunner.java:42) [org.eclipse.equinox.common_3.10.0.v20180412-1130.jar:na]
	at org.eclipse.ui.internal.decorators.LightweightDecoratorManager.decorate(LightweightDecoratorManager.java:377) [org.eclipse.ui.workbench_3.111.0.v20180524-1156.jar:na]
	at org.eclipse.ui.internal.decorators.LightweightDecoratorManager.getDecorations(LightweightDecoratorManager.java:359) [org.eclipse.ui.workbench_3.111.0.v20180524-1156.jar:na]
	at org.eclipse.ui.internal.decorators.DecorationScheduler$1.ensureResultCached(DecorationScheduler.java:347) [org.eclipse.ui.workbench_3.111.0.v20180524-1156.jar:na]
	at org.eclipse.ui.internal.decorators.DecorationScheduler$1.run(DecorationScheduler.java:310) [org.eclipse.ui.workbench_3.111.0.v20180524-1156.jar:na]
	at org.eclipse.core.internal.jobs.Worker.run(Worker.java:60) [org.eclipse.core.jobs_3.10.0.v20180427-1454.jar:na]
2019-02-12 07:13:29,220 [Worker-76: Decoration Calculation] ERROR o.e.j.i.s.file.ObjectDirectory - ERROR: Exception caught while accessing pack file E:\Java Web\JavaWeb\.git\objects\pack\pack-22e292e6206fe96d46fde38fcce1cf6afd449490.pack, the pack file might be corrupt, {1}. Caught {2} consecutive errors while trying to read this pack.
java.io.IOException: Das Gerät ist nicht bereit
	at sun.nio.ch.FileDispatcherImpl.size0(Native Method) ~[na:1.8.0_201]
	at sun.nio.ch.FileDispatcherImpl.size(Unknown Source) ~[na:1.8.0_201]
	at sun.nio.ch.FileChannelImpl.map(Unknown Source) ~[na:1.8.0_201]
	at org.eclipse.jgit.internal.storage.file.PackFile.mmap(PackFile.java:721) ~[org.eclipse.jgit_5.0.0.201806131550-r.jar:5.0.0.201806131550-r]
	at org.eclipse.jgit.internal.storage.file.WindowCache.load(WindowCache.java:299) ~[org.eclipse.jgit_5.0.0.201806131550-r.jar:5.0.0.201806131550-r]
	at org.eclipse.jgit.internal.storage.file.WindowCache.getOrLoad(WindowCache.java:379) ~[org.eclipse.jgit_5.0.0.201806131550-r.jar:5.0.0.201806131550-r]
	at org.eclipse.jgit.internal.storage.file.WindowCache.get(WindowCache.java:184) ~[org.eclipse.jgit_5.0.0.201806131550-r.jar:5.0.0.201806131550-r]
	at org.eclipse.jgit.internal.storage.file.WindowCursor.pin(WindowCursor.java:360) [org.eclipse.jgit_5.0.0.201806131550-r.jar:5.0.0.201806131550-r]
	at org.eclipse.jgit.internal.storage.file.WindowCursor.copy(WindowCursor.java:259) [org.eclipse.jgit_5.0.0.201806131550-r.jar:5.0.0.201806131550-r]
	at org.eclipse.jgit.internal.storage.file.PackFile.readFully(PackFile.java:601) ~[org.eclipse.jgit_5.0.0.201806131550-r.jar:5.0.0.201806131550-r]
	at org.eclipse.jgit.internal.storage.file.PackFile.load(PackFile.java:773) ~[org.eclipse.jgit_5.0.0.201806131550-r.jar:5.0.0.201806131550-r]
	at org.eclipse.jgit.internal.storage.file.PackFile.get(PackFile.java:285) ~[org.eclipse.jgit_5.0.0.201806131550-r.jar:5.0.0.201806131550-r]
	at org.eclipse.jgit.internal.storage.file.ObjectDirectory.openPackedObject(ObjectDirectory.java:486) [org.eclipse.jgit_5.0.0.201806131550-r.jar:5.0.0.201806131550-r]
	at org.eclipse.jgit.internal.storage.file.ObjectDirectory.openPackedFromSelfOrAlternate(ObjectDirectory.java:444) [org.eclipse.jgit_5.0.0.201806131550-r.jar:5.0.0.201806131550-r]
	at org.eclipse.jgit.internal.storage.file.ObjectDirectory.openObject(ObjectDirectory.java:435) [org.eclipse.jgit_5.0.0.201806131550-r.jar:5.0.0.201806131550-r]
	at org.eclipse.jgit.internal.storage.file.WindowCursor.open(WindowCursor.java:165) [org.eclipse.jgit_5.0.0.201806131550-r.jar:5.0.0.201806131550-r]
	at org.eclipse.jgit.revwalk.RevWalk.getCachedBytes(RevWalk.java:933) [org.eclipse.jgit_5.0.0.201806131550-r.jar:5.0.0.201806131550-r]
	at org.eclipse.jgit.revwalk.RevCommit.parseHeaders(RevCommit.java:158) [org.eclipse.jgit_5.0.0.201806131550-r.jar:5.0.0.201806131550-r]
	at org.eclipse.jgit.revwalk.MergeBaseGenerator._next(MergeBaseGenerator.java:153) [org.eclipse.jgit_5.0.0.201806131550-r.jar:5.0.0.201806131550-r]
	at org.eclipse.jgit.revwalk.MergeBaseGenerator.init(MergeBaseGenerator.java:108) [org.eclipse.jgit_5.0.0.201806131550-r.jar:5.0.0.201806131550-r]
	at org.eclipse.jgit.revwalk.StartGenerator.next(StartGenerator.java:99) [org.eclipse.jgit_5.0.0.201806131550-r.jar:5.0.0.201806131550-r]
	at org.eclipse.jgit.revwalk.RevWalk.next(RevWalk.java:444) [org.eclipse.jgit_5.0.0.201806131550-r.jar:5.0.0.201806131550-r]
	at org.eclipse.jgit.lib.BranchTrackingStatus.of(BranchTrackingStatus.java:98) [org.eclipse.jgit_5.0.0.201806131550-r.jar:5.0.0.201806131550-r]
	at org.eclipse.egit.ui.internal.decorators.DecoratableResourceHelper.getBranchStatus(DecoratableResourceHelper.java:74) [org.eclipse.egit.ui_5.0.0.201806131550-r.jar:na]
	at org.eclipse.egit.ui.internal.decorators.DecoratableResourceAdapter.<init>(DecoratableResourceAdapter.java:77) [org.eclipse.egit.ui_5.0.0.201806131550-r.jar:na]
	at org.eclipse.egit.ui.internal.decorators.GitLightweightDecorator.decorateResource(GitLightweightDecorator.java:241) [org.eclipse.egit.ui_5.0.0.201806131550-r.jar:na]
	at org.eclipse.egit.ui.internal.decorators.GitLightweightDecorator.decorate(GitLightweightDecorator.java:211) [org.eclipse.egit.ui_5.0.0.201806131550-r.jar:na]
	at org.eclipse.ui.internal.decorators.LightweightDecoratorDefinition.decorate(LightweightDecoratorDefinition.java:253) [org.eclipse.ui.workbench_3.111.0.v20180524-1156.jar:na]
	at org.eclipse.ui.internal.decorators.LightweightDecoratorManager$LightweightRunnable.run(LightweightDecoratorManager.java:104) [org.eclipse.ui.workbench_3.111.0.v20180524-1156.jar:na]
	at org.eclipse.core.runtime.SafeRunner.run(SafeRunner.java:42) [org.eclipse.equinox.common_3.10.0.v20180412-1130.jar:na]
	at org.eclipse.ui.internal.decorators.LightweightDecoratorManager.decorate(LightweightDecoratorManager.java:377) [org.eclipse.ui.workbench_3.111.0.v20180524-1156.jar:na]
	at org.eclipse.ui.internal.decorators.LightweightDecoratorManager.getDecorations(LightweightDecoratorManager.java:359) [org.eclipse.ui.workbench_3.111.0.v20180524-1156.jar:na]
	at org.eclipse.ui.internal.decorators.DecorationScheduler$1.ensureResultCached(DecorationScheduler.java:347) [org.eclipse.ui.workbench_3.111.0.v20180524-1156.jar:na]
	at org.eclipse.ui.internal.decorators.DecorationScheduler$1.run(DecorationScheduler.java:310) [org.eclipse.ui.workbench_3.111.0.v20180524-1156.jar:na]
	at org.eclipse.core.internal.jobs.Worker.run(Worker.java:60) [org.eclipse.core.jobs_3.10.0.v20180427-1454.jar:na]
2019-02-12 07:34:08,625 [Worker-87: Decoration Calculation] ERROR o.e.j.i.s.file.ObjectDirectory - ERROR: Exception caught while accessing pack file E:\Java Web\JavaWeb\.git\objects\pack\pack-22e292e6206fe96d46fde38fcce1cf6afd449490.pack, the pack file might be corrupt, {1}. Caught {2} consecutive errors while trying to read this pack.
java.io.IOException: Das Gerät ist nicht bereit
	at sun.nio.ch.FileDispatcherImpl.size0(Native Method) ~[na:1.8.0_201]
	at sun.nio.ch.FileDispatcherImpl.size(Unknown Source) ~[na:1.8.0_201]
	at sun.nio.ch.FileChannelImpl.map(Unknown Source) ~[na:1.8.0_201]
	at org.eclipse.jgit.internal.storage.file.PackFile.mmap(PackFile.java:721) ~[org.eclipse.jgit_5.0.0.201806131550-r.jar:5.0.0.201806131550-r]
	at org.eclipse.jgit.internal.storage.file.WindowCache.load(WindowCache.java:299) ~[org.eclipse.jgit_5.0.0.201806131550-r.jar:5.0.0.201806131550-r]
	at org.eclipse.jgit.internal.storage.file.WindowCache.getOrLoad(WindowCache.java:379) ~[org.eclipse.jgit_5.0.0.201806131550-r.jar:5.0.0.201806131550-r]
	at org.eclipse.jgit.internal.storage.file.WindowCache.get(WindowCache.java:184) ~[org.eclipse.jgit_5.0.0.201806131550-r.jar:5.0.0.201806131550-r]
	at org.eclipse.jgit.internal.storage.file.WindowCursor.pin(WindowCursor.java:360) [org.eclipse.jgit_5.0.0.201806131550-r.jar:5.0.0.201806131550-r]
	at org.eclipse.jgit.internal.storage.file.WindowCursor.copy(WindowCursor.java:259) [org.eclipse.jgit_5.0.0.201806131550-r.jar:5.0.0.201806131550-r]
	at org.eclipse.jgit.internal.storage.file.PackFile.readFully(PackFile.java:601) ~[org.eclipse.jgit_5.0.0.201806131550-r.jar:5.0.0.201806131550-r]
	at org.eclipse.jgit.internal.storage.file.PackFile.load(PackFile.java:773) ~[org.eclipse.jgit_5.0.0.201806131550-r.jar:5.0.0.201806131550-r]
	at org.eclipse.jgit.internal.storage.file.PackFile.get(PackFile.java:285) ~[org.eclipse.jgit_5.0.0.201806131550-r.jar:5.0.0.201806131550-r]
	at org.eclipse.jgit.internal.storage.file.ObjectDirectory.openPackedObject(ObjectDirectory.java:486) [org.eclipse.jgit_5.0.0.201806131550-r.jar:5.0.0.201806131550-r]
	at org.eclipse.jgit.internal.storage.file.ObjectDirectory.openPackedFromSelfOrAlternate(ObjectDirectory.java:444) [org.eclipse.jgit_5.0.0.201806131550-r.jar:5.0.0.201806131550-r]
	at org.eclipse.jgit.internal.storage.file.ObjectDirectory.openObject(ObjectDirectory.java:435) [org.eclipse.jgit_5.0.0.201806131550-r.jar:5.0.0.201806131550-r]
	at org.eclipse.jgit.internal.storage.file.WindowCursor.open(WindowCursor.java:165) [org.eclipse.jgit_5.0.0.201806131550-r.jar:5.0.0.201806131550-r]
	at org.eclipse.jgit.revwalk.RevWalk.getCachedBytes(RevWalk.java:933) [org.eclipse.jgit_5.0.0.201806131550-r.jar:5.0.0.201806131550-r]
	at org.eclipse.jgit.revwalk.RevCommit.parseHeaders(RevCommit.java:158) [org.eclipse.jgit_5.0.0.201806131550-r.jar:5.0.0.201806131550-r]
	at org.eclipse.jgit.revwalk.MergeBaseGenerator._next(MergeBaseGenerator.java:153) [org.eclipse.jgit_5.0.0.201806131550-r.jar:5.0.0.201806131550-r]
	at org.eclipse.jgit.revwalk.MergeBaseGenerator.init(MergeBaseGenerator.java:108) [org.eclipse.jgit_5.0.0.201806131550-r.jar:5.0.0.201806131550-r]
	at org.eclipse.jgit.revwalk.StartGenerator.next(StartGenerator.java:99) [org.eclipse.jgit_5.0.0.201806131550-r.jar:5.0.0.201806131550-r]
	at org.eclipse.jgit.revwalk.RevWalk.next(RevWalk.java:444) [org.eclipse.jgit_5.0.0.201806131550-r.jar:5.0.0.201806131550-r]
	at org.eclipse.jgit.lib.BranchTrackingStatus.of(BranchTrackingStatus.java:98) [org.eclipse.jgit_5.0.0.201806131550-r.jar:5.0.0.201806131550-r]
	at org.eclipse.egit.ui.internal.decorators.DecoratableResourceHelper.getBranchStatus(DecoratableResourceHelper.java:74) [org.eclipse.egit.ui_5.0.0.201806131550-r.jar:na]
	at org.eclipse.egit.ui.internal.decorators.DecoratableResourceAdapter.<init>(DecoratableResourceAdapter.java:77) [org.eclipse.egit.ui_5.0.0.201806131550-r.jar:na]
	at org.eclipse.egit.ui.internal.decorators.GitLightweightDecorator.decorateResource(GitLightweightDecorator.java:241) [org.eclipse.egit.ui_5.0.0.201806131550-r.jar:na]
	at org.eclipse.egit.ui.internal.decorators.GitLightweightDecorator.decorate(GitLightweightDecorator.java:211) [org.eclipse.egit.ui_5.0.0.201806131550-r.jar:na]
	at org.eclipse.ui.internal.decorators.LightweightDecoratorDefinition.decorate(LightweightDecoratorDefinition.java:253) [org.eclipse.ui.workbench_3.111.0.v20180524-1156.jar:na]
	at org.eclipse.ui.internal.decorators.LightweightDecoratorManager$LightweightRunnable.run(LightweightDecoratorManager.java:104) [org.eclipse.ui.workbench_3.111.0.v20180524-1156.jar:na]
	at org.eclipse.core.runtime.SafeRunner.run(SafeRunner.java:42) [org.eclipse.equinox.common_3.10.0.v20180412-1130.jar:na]
	at org.eclipse.ui.internal.decorators.LightweightDecoratorManager.decorate(LightweightDecoratorManager.java:377) [org.eclipse.ui.workbench_3.111.0.v20180524-1156.jar:na]
	at org.eclipse.ui.internal.decorators.LightweightDecoratorManager.getDecorations(LightweightDecoratorManager.java:359) [org.eclipse.ui.workbench_3.111.0.v20180524-1156.jar:na]
	at org.eclipse.ui.internal.decorators.DecorationScheduler$1.ensureResultCached(DecorationScheduler.java:347) [org.eclipse.ui.workbench_3.111.0.v20180524-1156.jar:na]
	at org.eclipse.ui.internal.decorators.DecorationScheduler$1.run(DecorationScheduler.java:310) [org.eclipse.ui.workbench_3.111.0.v20180524-1156.jar:na]
	at org.eclipse.core.internal.jobs.Worker.run(Worker.java:60) [org.eclipse.core.jobs_3.10.0.v20180427-1454.jar:na]
2019-02-12 08:11:32,851 [Worker-107: Decoration Calculation] ERROR o.e.j.i.s.file.ObjectDirectory - ERROR: Exception caught while accessing pack file E:\Java Web\JavaWeb\.git\objects\pack\pack-22e292e6206fe96d46fde38fcce1cf6afd449490.pack, the pack file might be corrupt, {1}. Caught {2} consecutive errors while trying to read this pack.
java.io.IOException: Das Gerät ist nicht bereit
	at sun.nio.ch.FileDispatcherImpl.size0(Native Method) ~[na:1.8.0_201]
	at sun.nio.ch.FileDispatcherImpl.size(Unknown Source) ~[na:1.8.0_201]
	at sun.nio.ch.FileChannelImpl.map(Unknown Source) ~[na:1.8.0_201]
	at org.eclipse.jgit.internal.storage.file.PackFile.mmap(PackFile.java:721) ~[org.eclipse.jgit_5.0.0.201806131550-r.jar:5.0.0.201806131550-r]
	at org.eclipse.jgit.internal.storage.file.WindowCache.load(WindowCache.java:299) ~[org.eclipse.jgit_5.0.0.201806131550-r.jar:5.0.0.201806131550-r]
	at org.eclipse.jgit.internal.storage.file.WindowCache.getOrLoad(WindowCache.java:379) ~[org.eclipse.jgit_5.0.0.201806131550-r.jar:5.0.0.201806131550-r]
	at org.eclipse.jgit.internal.storage.file.WindowCache.get(WindowCache.java:184) ~[org.eclipse.jgit_5.0.0.201806131550-r.jar:5.0.0.201806131550-r]
	at org.eclipse.jgit.internal.storage.file.WindowCursor.pin(WindowCursor.java:360) [org.eclipse.jgit_5.0.0.201806131550-r.jar:5.0.0.201806131550-r]
	at org.eclipse.jgit.internal.storage.file.WindowCursor.copy(WindowCursor.java:259) [org.eclipse.jgit_5.0.0.201806131550-r.jar:5.0.0.201806131550-r]
	at org.eclipse.jgit.internal.storage.file.PackFile.readFully(PackFile.java:601) ~[org.eclipse.jgit_5.0.0.201806131550-r.jar:5.0.0.201806131550-r]
	at org.eclipse.jgit.internal.storage.file.PackFile.load(PackFile.java:773) ~[org.eclipse.jgit_5.0.0.201806131550-r.jar:5.0.0.201806131550-r]
	at org.eclipse.jgit.internal.storage.file.PackFile.get(PackFile.java:285) ~[org.eclipse.jgit_5.0.0.201806131550-r.jar:5.0.0.201806131550-r]
	at org.eclipse.jgit.internal.storage.file.ObjectDirectory.openPackedObject(ObjectDirectory.java:486) [org.eclipse.jgit_5.0.0.201806131550-r.jar:5.0.0.201806131550-r]
	at org.eclipse.jgit.internal.storage.file.ObjectDirectory.openPackedFromSelfOrAlternate(ObjectDirectory.java:444) [org.eclipse.jgit_5.0.0.201806131550-r.jar:5.0.0.201806131550-r]
	at org.eclipse.jgit.internal.storage.file.ObjectDirectory.openObject(ObjectDirectory.java:435) [org.eclipse.jgit_5.0.0.201806131550-r.jar:5.0.0.201806131550-r]
	at org.eclipse.jgit.internal.storage.file.WindowCursor.open(WindowCursor.java:165) [org.eclipse.jgit_5.0.0.201806131550-r.jar:5.0.0.201806131550-r]
	at org.eclipse.jgit.revwalk.RevWalk.getCachedBytes(RevWalk.java:933) [org.eclipse.jgit_5.0.0.201806131550-r.jar:5.0.0.201806131550-r]
	at org.eclipse.jgit.revwalk.RevCommit.parseHeaders(RevCommit.java:158) [org.eclipse.jgit_5.0.0.201806131550-r.jar:5.0.0.201806131550-r]
	at org.eclipse.jgit.revwalk.MergeBaseGenerator._next(MergeBaseGenerator.java:153) [org.eclipse.jgit_5.0.0.201806131550-r.jar:5.0.0.201806131550-r]
	at org.eclipse.jgit.revwalk.MergeBaseGenerator.init(MergeBaseGenerator.java:108) [org.eclipse.jgit_5.0.0.201806131550-r.jar:5.0.0.201806131550-r]
	at org.eclipse.jgit.revwalk.StartGenerator.next(StartGenerator.java:99) [org.eclipse.jgit_5.0.0.201806131550-r.jar:5.0.0.201806131550-r]
	at org.eclipse.jgit.revwalk.RevWalk.next(RevWalk.java:444) [org.eclipse.jgit_5.0.0.201806131550-r.jar:5.0.0.201806131550-r]
	at org.eclipse.jgit.lib.BranchTrackingStatus.of(BranchTrackingStatus.java:98) [org.eclipse.jgit_5.0.0.201806131550-r.jar:5.0.0.201806131550-r]
	at org.eclipse.egit.ui.internal.decorators.DecoratableResourceHelper.getBranchStatus(DecoratableResourceHelper.java:74) [org.eclipse.egit.ui_5.0.0.201806131550-r.jar:na]
	at org.eclipse.egit.ui.internal.decorators.DecoratableResourceAdapter.<init>(DecoratableResourceAdapter.java:77) [org.eclipse.egit.ui_5.0.0.201806131550-r.jar:na]
	at org.eclipse.egit.ui.internal.decorators.GitLightweightDecorator.decorateResource(GitLightweightDecorator.java:241) [org.eclipse.egit.ui_5.0.0.201806131550-r.jar:na]
	at org.eclipse.egit.ui.internal.decorators.GitLightweightDecorator.decorate(GitLightweightDecorator.java:211) [org.eclipse.egit.ui_5.0.0.201806131550-r.jar:na]
	at org.eclipse.ui.internal.decorators.LightweightDecoratorDefinition.decorate(LightweightDecoratorDefinition.java:253) [org.eclipse.ui.workbench_3.111.0.v20180524-1156.jar:na]
	at org.eclipse.ui.internal.decorators.LightweightDecoratorManager$LightweightRunnable.run(LightweightDecoratorManager.java:104) [org.eclipse.ui.workbench_3.111.0.v20180524-1156.jar:na]
	at org.eclipse.core.runtime.SafeRunner.run(SafeRunner.java:42) [org.eclipse.equinox.common_3.10.0.v20180412-1130.jar:na]
	at org.eclipse.ui.internal.decorators.LightweightDecoratorManager.decorate(LightweightDecoratorManager.java:377) [org.eclipse.ui.workbench_3.111.0.v20180524-1156.jar:na]
	at org.eclipse.ui.internal.decorators.LightweightDecoratorManager.getDecorations(LightweightDecoratorManager.java:359) [org.eclipse.ui.workbench_3.111.0.v20180524-1156.jar:na]
	at org.eclipse.ui.internal.decorators.DecorationScheduler$1.ensureResultCached(DecorationScheduler.java:347) [org.eclipse.ui.workbench_3.111.0.v20180524-1156.jar:na]
	at org.eclipse.ui.internal.decorators.DecorationScheduler$1.run(DecorationScheduler.java:310) [org.eclipse.ui.workbench_3.111.0.v20180524-1156.jar:na]
	at org.eclipse.core.internal.jobs.Worker.run(Worker.java:60) [org.eclipse.core.jobs_3.10.0.v20180427-1454.jar:na]
